<?xml version="1.0" encoding="UTF-8"?>
<!-- Generated by org.testng.reporters.JUnitXMLReporter -->
<testsuite ignored="19" hostname="AASHYD-847B8Y2" failures="0" tests="1" name="Default test" time="239.085" errors="0" timestamp="2024-01-19T09:51:08 IST">
  <testcase classname="com.advrt.testcases.AD_PrivilageAccessTest" name="PA035" time="119.208"/>
  <testcase classname="com.advrt.testcases.AD_PrivilageAccessTest" name="PA0025" time="0.0">
    <ignored/>
  </testcase> <!-- PA0025 -->
  <testcase classname="com.advrt.testcases.AD_PrivilageAccessTest" name="PA0047" time="0.0">
    <ignored/>
  </testcase> <!-- PA0047 -->
  <testcase classname="com.advrt.testcases.AD_PrivilageAccessTest" name="PA0017" time="0.0">
    <ignored/>
  </testcase> <!-- PA0017 -->
  <testcase classname="com.advrt.testcases.AD_PrivilageAccessTest" name="PA031" time="0.0">
    <ignored/>
  </testcase> <!-- PA031 -->
  <testcase classname="com.advrt.testcases.AD_PrivilageAccessTest" name="PA0027" time="0.0">
    <ignored/>
  </testcase> <!-- PA0027 -->
  <testcase classname="com.advrt.testcases.AD_PrivilageAccessTest" name="PA051" time="0.0">
    <ignored/>
  </testcase> <!-- PA051 -->
  <testcase classname="com.advrt.testcases.AD_PrivilageAccessTest" name="PA007" time="0.0">
    <ignored/>
  </testcase> <!-- PA007 -->
  <testcase classname="com.advrt.testcases.AD_PrivilageAccessTest" name="PA0050" time="0.0">
    <ignored/>
  </testcase> <!-- PA0050 -->
  <testcase classname="com.advrt.testcases.AD_PrivilageAccessTest" name="PA005" time="0.0">
    <ignored/>
  </testcase> <!-- PA005 -->
  <testcase classname="com.advrt.testcases.AD_PrivilageAccessTest" name="PA003" time="0.0">
    <ignored/>
  </testcase> <!-- PA003 -->
  <testcase classname="com.advrt.testcases.AD_PrivilageAccessTest" name="PA0019" time="0.0">
    <ignored/>
  </testcase> <!-- PA0019 -->
  <testcase classname="com.advrt.testcases.AD_PrivilageAccessTest" name="PA037" time="0.0">
    <ignored/>
  </testcase> <!-- PA037 -->
  <testcase classname="com.advrt.testcases.AD_PrivilageAccessTest" name="PA0029" time="0.0">
    <ignored/>
  </testcase> <!-- PA0029 -->
  <testcase classname="com.advrt.testcases.AD_PrivilageAccessTest" name="PA001" time="0.0">
    <ignored/>
  </testcase> <!-- PA001 -->
  <testcase classname="com.advrt.testcases.AD_PrivilageAccessTest" name="PA0011" time="0.0">
    <ignored/>
  </testcase> <!-- PA0011 -->
  <testcase classname="com.advrt.testcases.AD_PrivilageAccessTest" name="PA0021" time="0.0">
    <ignored/>
  </testcase> <!-- PA0021 -->
  <testcase classname="com.advrt.testcases.AD_PrivilageAccessTest" name="PA009" time="0.0">
    <ignored/>
  </testcase> <!-- PA009 -->
  <testcase classname="com.advrt.testcases.AD_PrivilageAccessTest" name="PA0013" time="0.0">
    <ignored/>
  </testcase> <!-- PA0013 -->
  <testcase classname="com.advrt.testcases.AD_PrivilageAccessTest" name="PA0045" time="0.0">
    <ignored/>
  </testcase> <!-- PA0045 -->
</testsuite> <!-- Default test -->
