<?xml version="1.0" encoding="UTF-8"?>
<!-- Generated by org.testng.reporters.JUnitXMLReporter -->
<testsuite ignored="12" hostname="AASHYD-847B8Y2" failures="0" tests="1" name="test1" time="69.305" errors="0" timestamp="2023-12-21T12:06:56 IST">
  <testcase classname="com.advrt.testcases.AD_PreferenceTest" name="ADP01" time="0.048"/>
  <testcase classname="com.advrt.testcases.AD_PreferenceTest" name="ADP09" time="0.0">
    <ignored/>
  </testcase> <!-- ADP09 -->
  <testcase classname="com.advrt.testcases.AD_PreferenceTest" name="ADP08" time="0.0">
    <ignored/>
  </testcase> <!-- ADP08 -->
  <testcase classname="com.advrt.testcases.AD_PreferenceTest" name="ADP07" time="0.0">
    <ignored/>
  </testcase> <!-- ADP07 -->
  <testcase classname="com.advrt.testcases.AD_PreferenceTest" name="ADP06" time="0.0">
    <ignored/>
  </testcase> <!-- ADP06 -->
  <testcase classname="com.advrt.testcases.AD_PreferenceTest" name="AD_Policies03" time="0.0">
    <ignored/>
  </testcase> <!-- AD_Policies03 -->
  <testcase classname="com.advrt.testcases.AD_PreferenceTest" name="ADP05" time="0.0">
    <ignored/>
  </testcase> <!-- ADP05 -->
  <testcase classname="com.advrt.testcases.AD_PreferenceTest" name="ADP04" time="0.0">
    <ignored/>
  </testcase> <!-- ADP04 -->
  <testcase classname="com.advrt.testcases.AD_PreferenceTest" name="ADP14" time="0.0">
    <ignored/>
  </testcase> <!-- ADP14 -->
  <testcase classname="com.advrt.testcases.AD_PreferenceTest" name="ADP03" time="0.0">
    <ignored/>
  </testcase> <!-- ADP03 -->
  <testcase classname="com.advrt.testcases.AD_PreferenceTest" name="ADP13" time="0.0">
    <ignored/>
  </testcase> <!-- ADP13 -->
  <testcase classname="com.advrt.testcases.AD_PreferenceTest" name="ADP02" time="0.0">
    <ignored/>
  </testcase> <!-- ADP02 -->
  <testcase classname="com.advrt.testcases.AD_PreferenceTest" name="ADP10" time="0.0">
    <ignored/>
  </testcase> <!-- ADP10 -->
</testsuite> <!-- test1 -->
