<?xml version="1.0" encoding="UTF-8"?>
<testng-results ignored="0" total="1" passed="1" failed="0" skipped="0">
  <reporter-output>
  </reporter-output>
  <suite started-at="2024-03-22T11:36:01 IST" name="Default suite" finished-at="2024-03-22T11:37:54 IST" duration-ms="112628">
    <groups>
      <group name="Regression">
        <method signature="AD_UMtest2.UM60()[pri:0, instance:com.advrt.testcases.AD_UMtest2@69ee81fc]" name="UM60" class="com.advrt.testcases.AD_UMtest2"/>
      </group> <!-- Regression -->
    </groups>
    <test started-at="2024-03-22T11:36:01 IST" name="Default test" finished-at="2024-03-22T11:37:54 IST" duration-ms="112628">
      <class name="com.advrt.testcases.AD_UMtest2">
        <test-method is-config="true" signature="PreSetUp()[pri:0, instance:com.advrt.testcases.AD_UMtest2@69ee81fc]" started-at="2024-03-22T11:36:01 IST" name="PreSetUp" finished-at="2024-03-22T11:37:26 IST" duration-ms="84660" status="PASS">
          <reporter-output>
          </reporter-output>
        </test-method> <!-- PreSetUp -->
        <test-method is-config="true" signature="Setup()[pri:0, instance:com.advrt.testcases.AD_UMtest2@69ee81fc]" started-at="2024-03-22T11:37:26 IST" name="Setup" finished-at="2024-03-22T11:37:39 IST" duration-ms="12689" status="PASS">
          <reporter-output>
          </reporter-output>
        </test-method> <!-- Setup -->
        <test-method signature="UM60()[pri:0, instance:com.advrt.testcases.AD_UMtest2@69ee81fc]" started-at="2024-03-22T11:37:39 IST" name="UM60" description="UM60-Verify if Validation message should be displayed when user trying to unmap the group where the application is having one group" finished-at="2024-03-22T11:37:48 IST" duration-ms="9291" status="PASS">
          <reporter-output>
          </reporter-output>
        </test-method> <!-- UM60 -->
        <test-method is-config="true" signature="Teardown(org.testng.ITestResult)[pri:0, instance:com.advrt.testcases.AD_UMtest2@69ee81fc]" started-at="2024-03-22T11:37:48 IST" name="Teardown" finished-at="2024-03-22T11:37:53 IST" duration-ms="5071" status="PASS">
          <params>
            <param index="0">
              <value>
                <![CDATA[[TestResult name=UM60 status=SUCCESS method=AD_UMtest2.UM60()[pri:0, instance:com.advrt.testcases.AD_UMtest2@69ee81fc] output={null}]]]>
              </value>
            </param>
          </params>
          <reporter-output>
          </reporter-output>
        </test-method> <!-- Teardown -->
        <test-method is-config="true" signature="endReport()[pri:0, instance:com.advrt.testcases.AD_UMtest2@69ee81fc]" started-at="2024-03-22T11:37:53 IST" name="endReport" finished-at="2024-03-22T11:37:54 IST" duration-ms="864" status="PASS">
          <reporter-output>
          </reporter-output>
        </test-method> <!-- endReport -->
      </class> <!-- com.advrt.testcases.AD_UMtest2 -->
    </test> <!-- Default test -->
  </suite> <!-- Default suite -->
</testng-results>
