<?xml version="1.0" encoding="UTF-8"?>
<testng-results ignored="21" total="22" passed="1" failed="0" skipped="0">
  <reporter-output>
  </reporter-output>
  <suite started-at="2023-08-04T13:54:14 IST" name="Default suite" finished-at="2023-08-04T13:54:46 IST" duration-ms="31432">
    <groups>
      <group name="Sanity">
        <method signature="ADpopupTest.AD02()[pri:0, instance:com.advrt.testcases.ADpopupTest@6574a52c]" name="AD02" class="com.advrt.testcases.ADpopupTest"/>
      </group> <!-- Sanity -->
      <group name="Regression">
        <method signature="ADpopupTest.AD02()[pri:0, instance:com.advrt.testcases.ADpopupTest@6574a52c]" name="AD02" class="com.advrt.testcases.ADpopupTest"/>
      </group> <!-- Regression -->
    </groups>
    <test started-at="2023-08-04T13:54:14 IST" name="Default test" finished-at="2023-08-04T13:54:46 IST" duration-ms="31432">
      <class name="com.advrt.testcases.ADpopupTest">
        <test-method is-config="true" signature="PreSetUp()[pri:0, instance:com.advrt.testcases.ADpopupTest@6574a52c]" started-at="2023-08-04T13:54:14 IST" name="PreSetUp" finished-at="2023-08-04T13:54:14 IST" duration-ms="239" status="PASS">
          <reporter-output>
          </reporter-output>
        </test-method> <!-- PreSetUp -->
        <test-method is-config="true" signature="Setup()[pri:0, instance:com.advrt.testcases.ADpopupTest@6574a52c]" started-at="2023-08-04T13:54:14 IST" name="Setup" finished-at="2023-08-04T13:54:39 IST" duration-ms="24258" status="PASS">
          <reporter-output>
          </reporter-output>
        </test-method> <!-- Setup -->
        <test-method signature="AD02()[pri:0, instance:com.advrt.testcases.ADpopupTest@6574a52c]" started-at="2023-08-04T13:54:39 IST" name="AD02" description="AD02-Verify if clicking on the Active Directory User button Enter Active Directory User credentials popup displayed" finished-at="2023-08-04T13:54:39 IST" duration-ms="696" status="PASS">
          <reporter-output>
          </reporter-output>
        </test-method> <!-- AD02 -->
        <test-method is-config="true" signature="Teardown(org.testng.ITestResult)[pri:0, instance:com.advrt.testcases.ADpopupTest@6574a52c]" started-at="2023-08-04T13:54:39 IST" name="Teardown" finished-at="2023-08-04T13:54:45 IST" duration-ms="5096" status="PASS">
          <params>
            <param index="0">
              <value>
                <![CDATA[[TestResult name=AD02 status=SUCCESS method=ADpopupTest.AD02()[pri:0, instance:com.advrt.testcases.ADpopupTest@6574a52c] output={null}]]]>
              </value>
            </param>
          </params>
          <reporter-output>
          </reporter-output>
        </test-method> <!-- Teardown -->
        <test-method is-config="true" signature="endReport()[pri:0, instance:com.advrt.testcases.ADpopupTest@6574a52c]" started-at="2023-08-04T13:54:45 IST" name="endReport" finished-at="2023-08-04T13:54:46 IST" duration-ms="1094" status="PASS">
          <reporter-output>
          </reporter-output>
        </test-method> <!-- endReport -->
      </class> <!-- com.advrt.testcases.ADpopupTest -->
    </test> <!-- Default test -->
  </suite> <!-- Default suite -->
</testng-results>
