<?xml version="1.0" encoding="UTF-8"?>
<!-- Generated by org.testng.reporters.JUnitReportReporter -->
<testsuite hostname="AASHYD-847B8Y2" failures="0" tests="1" name="com.advrt.testcases.AD_Audit_Humidity_HumidityAuditTest" time="310.463" errors="0" timestamp="2024-04-25T16:17:54 IST" skipped="0">
  <testcase classname="com.advrt.testcases.AD_Audit_Humidity_HumidityAuditTest" name="AD_Ver_Audit_021" time="310.463"/>
</testsuite> <!-- com.advrt.testcases.AD_Audit_Humidity_HumidityAuditTest -->
