<?xml version="1.0" encoding="UTF-8"?>
<!-- Generated by org.testng.reporters.JUnitReportReporter -->
<testsuite hostname="AASHYD-847B8Y2" failures="0" tests="3" name="com.advrt.testcases.AD_Audit_TemperatureVerificationTest" time="932.075" errors="0" timestamp="2024-04-24T15:00:02 IST" skipped="0">
  <testcase classname="com.advrt.testcases.AD_Audit_TemperatureVerificationTest" name="AD_Ver_Audit_005" time="301.098"/>
  <testcase classname="com.advrt.testcases.AD_Audit_TemperatureVerificationTest" name="AD_Ver_Audit_006" time="418.735"/>
  <testcase classname="com.advrt.testcases.AD_Audit_TemperatureVerificationTest" name="AD_Ver_Audit_007" time="212.242"/>
</testsuite> <!-- com.advrt.testcases.AD_Audit_TemperatureVerificationTest -->
